2022-09-30 22:17:53,588 [ERROR] [main] com.mobi.log.GameLog java.lang.NoSuchFieldException: QuestConfigModels
java.lang.RuntimeException: java.lang.NoSuchFieldException: QuestConfigModels
	at com.mobi.config.Config$CheckStrategy$IntIdOrNullCheckStrategy.check(Config.java:309) ~[class/:?]
	at com.mobi.config.Config$CheckStrategy.check0(Config.java:224) ~[class/:?]
	at com.mobi.config.Config$CheckStrategy.checkOneDim(Config.java:134) ~[class/:?]
	at com.mobi.config.Config$CheckStrategy.lambda$checkTwoDim$0(Config.java:159) ~[class/:?]
	at java.util.ArrayList.forEach(ArrayList.java:1259) ~[?:1.8.0_341]
	at com.mobi.config.Config$CheckStrategy.checkTwoDim(Config.java:158) ~[class/:?]
	at com.mobi.config.Config$CheckStrategy.check(Config.java:114) ~[class/:?]
	at com.mobi.config.Config$CheckStrategy.access$000(Config.java:101) ~[class/:?]
	at com.mobi.config.Config.check(Config.java:84) [class/:?]
	at com.mobi.config.ConfigService.check(ConfigService.java:29) [class/:?]
	at com.mobi.config.ConfigService.init(ConfigService.java:15) [class/:?]
	at sun.reflect.NativeMethodAccessorImpl.invoke0(Native Method) ~[?:1.8.0_341]
	at sun.reflect.NativeMethodAccessorImpl.invoke(NativeMethodAccessorImpl.java:62) ~[?:1.8.0_341]
	at sun.reflect.DelegatingMethodAccessorImpl.invoke(DelegatingMethodAccessorImpl.java:43) ~[?:1.8.0_341]
	at java.lang.reflect.Method.invoke(Method.java:498) ~[?:1.8.0_341]
	at com.tools.parserconfig.XlsxMain_AVG.check(XlsxMain_AVG.java:272) [parserconfig1.jar:?]
	at com.tools.parserconfig.XlsxMain_AVG.main(XlsxMain_AVG.java:207) [parserconfig1.jar:?]
Caused by: java.lang.NoSuchFieldException: QuestConfigModels
	at java.lang.Class.getDeclaredField(Class.java:2070) ~[?:1.8.0_341]
	at com.mobi.config.Config$CheckStrategy$IntIdOrNullCheckStrategy.check(Config.java:305) ~[class/:?]
	... 16 more
2022-09-30 22:17:53,752 [ERROR] [main] com.mobi.log.GameLog 表格数据未通过检查, 列名:preTask. limitState:ID_OR_NULL:Quest, values:[[], [500], [], [21]]
2022-09-30 22:17:53,754 [ERROR] [main] com.mobi.log.GameLog java.lang.NoSuchFieldException: QuestConfigModels
java.lang.RuntimeException: java.lang.NoSuchFieldException: QuestConfigModels
	at com.mobi.config.Config$CheckStrategy$IntIdCheckStrategy.check(Config.java:280) ~[class/:?]
	at com.mobi.config.Config$CheckStrategy.check0(Config.java:224) ~[class/:?]
	at com.mobi.config.Config$CheckStrategy.checkOneDim(Config.java:134) ~[class/:?]
	at com.mobi.config.Config$CheckStrategy.checkTwoDim(Config.java:176) ~[class/:?]
	at com.mobi.config.Config$CheckStrategy.lambda$checkThreeDim$2(Config.java:198) ~[class/:?]
	at java.util.ArrayList.forEach(ArrayList.java:1259) ~[?:1.8.0_341]
	at com.mobi.config.Config$CheckStrategy.checkThreeDim(Config.java:197) ~[class/:?]
	at com.mobi.config.Config$CheckStrategy.check(Config.java:117) ~[class/:?]
	at com.mobi.config.Config$CheckStrategy.access$000(Config.java:101) ~[class/:?]
	at com.mobi.config.Config.check(Config.java:84) [class/:?]
	at com.mobi.config.ConfigService.check(ConfigService.java:29) [class/:?]
	at com.mobi.config.ConfigService.init(ConfigService.java:15) [class/:?]
	at sun.reflect.NativeMethodAccessorImpl.invoke0(Native Method) ~[?:1.8.0_341]
	at sun.reflect.NativeMethodAccessorImpl.invoke(NativeMethodAccessorImpl.java:62) ~[?:1.8.0_341]
	at sun.reflect.DelegatingMethodAccessorImpl.invoke(DelegatingMethodAccessorImpl.java:43) ~[?:1.8.0_341]
	at java.lang.reflect.Method.invoke(Method.java:498) ~[?:1.8.0_341]
	at com.tools.parserconfig.XlsxMain_AVG.check(XlsxMain_AVG.java:272) [parserconfig1.jar:?]
	at com.tools.parserconfig.XlsxMain_AVG.main(XlsxMain_AVG.java:207) [parserconfig1.jar:?]
Caused by: java.lang.NoSuchFieldException: QuestConfigModels
	at java.lang.Class.getDeclaredField(Class.java:2070) ~[?:1.8.0_341]
	at com.mobi.config.Config$CheckStrategy$IntIdCheckStrategy.check(Config.java:276) ~[class/:?]
	... 17 more
2022-09-30 22:17:53,755 [ERROR] [main] com.mobi.log.GameLog 表格数据未通过检查, 列名:questIds. limitState:1:{ID:Quest}, values:[[[500, 1, 1]], [[520, 3, 1], [521, 2, 1], [522, 1, 1], [523, 3, 1], [524, 2, 1], [525, 1, 1], [526, 3, 1], [527, 2, 1], [528, 1, 1], [529, 3, 1], [530, 2, 1], [531, 1, 1], [521, 1, 1]], [[512, 3, 1], [513, 2, 1], [514, 1, 1], [515, 3, 1], [516, 2, 1], [517, 1, 1], [518, 3, 1], [519, 2, 1], [501, 1, 1], [502, 3, 1], [503, 2, 1], [504, 1, 1]], [[515, 1, 1], [501, 1, 1], [502, 1, 1], [503, 1, 1], [504, 1, 1], [505, 1, 1], [506, 1, 1], [507, 1, 1], [508, 1, 1], [509, 1, 1], [510, 1, 1], [511, 1, 1]]]
2022-09-30 22:17:53,771 [ERROR] [main] com.tools.parserconfig.ExcelParserLog 表格数据未通过检查
2022-09-30 22:19:21,644 [ERROR] [main] com.mobi.log.GameLog IntIdCheckStrategy check error, 元素：35， list:[1130, 1130, 512, 21, 21, 99001, 99001, 3006, 3006, 99001, 99001, 3006, 3006, 3006, 3006, 3006, 21, 3006, 21, 511, 3006, 21, 3006, 1150, 21, 21, 21, 21, 21, 21, 532, 21, 21, 21, 3008, 21, 21, 531, 3007, 21, 21, 21, 3007, 510, 3007, 3007, 21, 21, 21, 21, 21, 21, 3004, 9, 21, 1021, 3004, 1021, 3004, 1021, 3004, 1021, 3004, 21, 1021, 3004, 21, 1021, 3004, 3004, 3004, 3004, 3004, 3004, 3004, 509, 3004, 3004, 3003, 3003, 3003, 3003, 3003, 530, 3004, 3004, 3004, 3005, 529, 3005, 529, 3005, 529, 3005, 529, 3005, 529, 508, 529, 3005, 3005, 1020, 1020, 1020, 3005, 3005, 507, 3001, 3001, 3001, 3001, 3001, 3001, 528, 528, 527, 527, 527, 527, 3022, 527, 3022, 506, 3022, 3022, 3022, 3022, 3022, 3022, 3022, 3001, 3022, 3022, 505, 35, 526, 526, 526, 526, 3002, 3002, 3002, 525, 525, 525, 525, 504, 3020, 99001, 2102, 99001, 99001, 3019, 99001, 99001, 99001, 503, 99001, 99001, 99001, 524, 524, 3021, 99001, 99001, 502, 11, 11, 2103, 11, 523, 523, 3017, 3017, 3017, 11, 3017, 11, 3017, 11, 3017, 3017, 11, 11, 501, 11, 11, 1120, 11, 10, 11, 10, 1120, 10, 10, 522, 10, 522, 10, 11, 10, 11, 10, 11, 31, 10, 31, 10, 10, 10, 10, 10, 10, 10, 11, 10, 11, 10, 31, 10, 31, 31, 500, 31, 2101, 11, 31, 1203, 11, 31, 1012, 31, 521, 1012, 31, 1140, 31, 31, 11, 1011, 31, 31, 31, 31, 3018, 31, 3018, 3018, 3018, 3018, 1202, 31, 1202, 31, 1202, 520, 31, 31, 2013, 3014, 3014, 1010, 1010, 3014, 1010, 519, 1010, 3014, 3014, 2011, 1115, 3016, 3016, 1116, 518, 3015, 1201, 2012, 1114, 1114, 517, 3011, 3011, 3011, 3011, 3011, 3011, 3011, 3013, 3013, 3013, 3013, 3013, 516, 3013, 3013, 1113, 1113, 515, 3009, 3009, 3009, 3009, 3009, 3009, 3009, 1111, 1112, 1112, 514, 3009, 3009, 3009, 3009, 1110, 3011, 1, 3011, 1, 1, 1, 3011, 1, 3011, 513, 3011, 1, 3011, 1, 3010, 1, 3010, 1, 1, 1, 3010, 1, 3010, 3010, 3010, 1, 1, 3010, 3010], Quest表格的id集合[512, 1, 513, 514, 515, 516, 517, 518, 1030, 519, 520, 9, 521, 10, 522, 11, 523, 524, 525, 526, 527, 528, 529, 530, 531, 532, 21, 31, 41, 1202, 51, 1203, 2101, 2102, 2103, 99001, 3001, 3002, 99003, 3003, 99002, 3004, 61, 3005, 3006, 3007, 3008, 3009, 3010, 3011, 3013, 3014, 71, 3015, 3016, 3017, 3018, 3019, 3020, 3021, 3022, 81, 1110, 1111, 1112, 1113, 1114, 91, 2011, 1115, 2012, 1116, 2013, 1120, 101, 1130, 1010, 1011, 500, 1012, 1140, 501, 502, 503, 504, 505, 506, 507, 508, 1020, 509, 1021, 510, 1150, 511], 
2022-09-30 22:19:21,645 [ERROR] [main] com.mobi.log.GameLog IntIdCheckStrategy check error, 元素：1201， list:[1130, 1130, 512, 21, 21, 99001, 99001, 3006, 3006, 99001, 99001, 3006, 3006, 3006, 3006, 3006, 21, 3006, 21, 511, 3006, 21, 3006, 1150, 21, 21, 21, 21, 21, 21, 532, 21, 21, 21, 3008, 21, 21, 531, 3007, 21, 21, 21, 3007, 510, 3007, 3007, 21, 21, 21, 21, 21, 21, 3004, 9, 21, 1021, 3004, 1021, 3004, 1021, 3004, 1021, 3004, 21, 1021, 3004, 21, 1021, 3004, 3004, 3004, 3004, 3004, 3004, 3004, 509, 3004, 3004, 3003, 3003, 3003, 3003, 3003, 530, 3004, 3004, 3004, 3005, 529, 3005, 529, 3005, 529, 3005, 529, 3005, 529, 508, 529, 3005, 3005, 1020, 1020, 1020, 3005, 3005, 507, 3001, 3001, 3001, 3001, 3001, 3001, 528, 528, 527, 527, 527, 527, 3022, 527, 3022, 506, 3022, 3022, 3022, 3022, 3022, 3022, 3022, 3001, 3022, 3022, 505, 35, 526, 526, 526, 526, 3002, 3002, 3002, 525, 525, 525, 525, 504, 3020, 99001, 2102, 99001, 99001, 3019, 99001, 99001, 99001, 503, 99001, 99001, 99001, 524, 524, 3021, 99001, 99001, 502, 11, 11, 2103, 11, 523, 523, 3017, 3017, 3017, 11, 3017, 11, 3017, 11, 3017, 3017, 11, 11, 501, 11, 11, 1120, 11, 10, 11, 10, 1120, 10, 10, 522, 10, 522, 10, 11, 10, 11, 10, 11, 31, 10, 31, 10, 10, 10, 10, 10, 10, 10, 11, 10, 11, 10, 31, 10, 31, 31, 500, 31, 2101, 11, 31, 1203, 11, 31, 1012, 31, 521, 1012, 31, 1140, 31, 31, 11, 1011, 31, 31, 31, 31, 3018, 31, 3018, 3018, 3018, 3018, 1202, 31, 1202, 31, 1202, 520, 31, 31, 2013, 3014, 3014, 1010, 1010, 3014, 1010, 519, 1010, 3014, 3014, 2011, 1115, 3016, 3016, 1116, 518, 3015, 1201, 2012, 1114, 1114, 517, 3011, 3011, 3011, 3011, 3011, 3011, 3011, 3013, 3013, 3013, 3013, 3013, 516, 3013, 3013, 1113, 1113, 515, 3009, 3009, 3009, 3009, 3009, 3009, 3009, 1111, 1112, 1112, 514, 3009, 3009, 3009, 3009, 1110, 3011, 1, 3011, 1, 1, 1, 3011, 1, 3011, 513, 3011, 1, 3011, 1, 3010, 1, 3010, 1, 1, 1, 3010, 1, 3010, 3010, 3010, 1, 1, 3010, 3010], Quest表格的id集合[512, 1, 513, 514, 515, 516, 517, 518, 1030, 519, 520, 9, 521, 10, 522, 11, 523, 524, 525, 526, 527, 528, 529, 530, 531, 532, 21, 31, 41, 1202, 51, 1203, 2101, 2102, 2103, 99001, 3001, 3002, 99003, 3003, 99002, 3004, 61, 3005, 3006, 3007, 3008, 3009, 3010, 3011, 3013, 3014, 71, 3015, 3016, 3017, 3018, 3019, 3020, 3021, 3022, 81, 1110, 1111, 1112, 1113, 1114, 91, 2011, 1115, 2012, 1116, 2013, 1120, 101, 1130, 1010, 1011, 500, 1012, 1140, 501, 502, 503, 504, 505, 506, 507, 508, 1020, 509, 1021, 510, 1150, 511], 
2022-09-30 22:19:21,650 [ERROR] [main] com.mobi.log.GameLog java.lang.NoSuchFieldException: DropsNormalConfigModels
java.lang.RuntimeException: java.lang.NoSuchFieldException: DropsNormalConfigModels
	at com.mobi.config.Config$CheckStrategy$IntIdOrNullCheckStrategy.check(Config.java:309) ~[class/:?]
	at com.mobi.config.Config$CheckStrategy.check0(Config.java:224) ~[class/:?]
	at com.mobi.config.Config$CheckStrategy.checkOneDim(Config.java:134) ~[class/:?]
	at com.mobi.config.Config$CheckStrategy.check(Config.java:111) ~[class/:?]
	at com.mobi.config.Config$CheckStrategy.access$000(Config.java:101) ~[class/:?]
	at com.mobi.config.Config.check(Config.java:84) [class/:?]
	at com.mobi.config.ConfigService.check(ConfigService.java:29) [class/:?]
	at com.mobi.config.ConfigService.init(ConfigService.java:15) [class/:?]
	at sun.reflect.NativeMethodAccessorImpl.invoke0(Native Method) ~[?:1.8.0_341]
	at sun.reflect.NativeMethodAccessorImpl.invoke(NativeMethodAccessorImpl.java:62) ~[?:1.8.0_341]
	at sun.reflect.DelegatingMethodAccessorImpl.invoke(DelegatingMethodAccessorImpl.java:43) ~[?:1.8.0_341]
	at java.lang.reflect.Method.invoke(Method.java:498) ~[?:1.8.0_341]
	at com.tools.parserconfig.XlsxMain_AVG.check(XlsxMain_AVG.java:272) [parserconfig1.jar:?]
	at com.tools.parserconfig.XlsxMain_AVG.main(XlsxMain_AVG.java:207) [parserconfig1.jar:?]
Caused by: java.lang.NoSuchFieldException: DropsNormalConfigModels
	at java.lang.Class.getDeclaredField(Class.java:2070) ~[?:1.8.0_341]
	at com.mobi.config.Config$CheckStrategy$IntIdOrNullCheckStrategy.check(Config.java:305) ~[class/:?]
	... 13 more
2022-09-30 22:19:21,658 [ERROR] [main] com.mobi.log.GameLog 表格数据未通过检查, 列名:award. limitState:ID_OR_NULL:DropsNormal, values:[0, 0, 190002, 0, 0, 0, 0, 0, 0, 0, 0, 0, 0, 0, 0, 0, 0, 0, 0, 190002, 0, 0, 0, 0, 0, 0, 0, 0, 0, 0, 0, 0, 0, 0, 0, 0, 0, 0, 0, 0, 0, 0, 0, 190002, 0, 0, 0, 0, 0, 0, 0, 0, 0, 0, 0, 0, 0, 0, 0, 0, 0, 0, 0, 0, 0, 0, 0, 0, 0, 0, 0, 0, 0, 0, 0, 190002, 0, 0, 0, 0, 0, 0, 0, 0, 0, 0, 0, 0, 0, 0, 0, 0, 0, 0, 0, 0, 0, 190002, 0, 0, 0, 0, 0, 0, 0, 0, 190002, 0, 0, 0, 0, 0, 0, 0, 0, 0, 0, 0, 0, 0, 0, 0, 190002, 0, 0, 0, 0, 0, 0, 0, 0, 0, 0, 190002, 0, 0, 0, 0, 0, 0, 0, 0, 0, 0, 0, 0, 190002, 0, 0, 0, 0, 0, 0, 0, 0, 0, 190002, 0, 0, 0, 0, 0, 0, 0, 0, 190002, 0, 0, 0, 101001, 0, 0, 0, 0, 0, 0, 0, 0, 0, 0, 0, 0, 0, 101002, 190002, 0, 0, 0, 0, 0, 0, 0, 0, 0, 0, 0, 0, 0, 0, 0, 0, 0, 0, 0, 0, 0, 0, 0, 0, 0, 0, 0, 0, 0, 0, 0, 0, 0, 0, 0, 0, 0, 190002, 0, 0, 101003, 0, 0, 0, 0, 0, 0, 0, 0, 0, 0, 0, 0, 0, 0, 0, 0, 0, 0, 0, 0, 0, 0, 0, 0, 0, 0, 0, 0, 0, 0, 0, 0, 0, 0, 0, 0, 0, 0, 0, 190002, 0, 0, 0, 0, 0, 0, 0, 0, 190002, 0, 0, 0, 0, 0, 190002, 0, 0, 0, 0, 0, 0, 0, 0, 0, 0, 0, 0, 190002, 0, 0, 0, 0, 190002, 0, 0, 0, 0, 0, 0, 0, 0, 0, 0, 190002, 0, 0, 0, 0, 0, 0, 0, 0, 0, 0, 0, 0, 0, 0, 190002, 0, 0, 0, 0, 0, 0, 0, 0, 0, 0, 0, 0, 0, 0, 0, 100003, 0, 0, 0]
2022-09-30 22:19:21,669 [ERROR] [main] com.mobi.log.GameLog java.lang.NoSuchFieldException: DropsNormalConfigModels
java.lang.RuntimeException: java.lang.NoSuchFieldException: DropsNormalConfigModels
	at com.mobi.config.Config$CheckStrategy$IntIdOrNullCheckStrategy.check(Config.java:309) ~[class/:?]
	at com.mobi.config.Config$CheckStrategy.check0(Config.java:224) ~[class/:?]
	at com.mobi.config.Config$CheckStrategy.checkOneDim(Config.java:134) ~[class/:?]
	at com.mobi.config.Config$CheckStrategy.check(Config.java:111) ~[class/:?]
	at com.mobi.config.Config$CheckStrategy.access$000(Config.java:101) ~[class/:?]
	at com.mobi.config.Config.check(Config.java:84) [class/:?]
	at com.mobi.config.ConfigService.check(ConfigService.java:29) [class/:?]
	at com.mobi.config.ConfigService.init(ConfigService.java:15) [class/:?]
	at sun.reflect.NativeMethodAccessorImpl.invoke0(Native Method) ~[?:1.8.0_341]
	at sun.reflect.NativeMethodAccessorImpl.invoke(NativeMethodAccessorImpl.java:62) ~[?:1.8.0_341]
	at sun.reflect.DelegatingMethodAccessorImpl.invoke(DelegatingMethodAccessorImpl.java:43) ~[?:1.8.0_341]
	at java.lang.reflect.Method.invoke(Method.java:498) ~[?:1.8.0_341]
	at com.tools.parserconfig.XlsxMain_AVG.check(XlsxMain_AVG.java:272) [parserconfig1.jar:?]
	at com.tools.parserconfig.XlsxMain_AVG.main(XlsxMain_AVG.java:207) [parserconfig1.jar:?]
Caused by: java.lang.NoSuchFieldException: DropsNormalConfigModels
	at java.lang.Class.getDeclaredField(Class.java:2070) ~[?:1.8.0_341]
	at com.mobi.config.Config$CheckStrategy$IntIdOrNullCheckStrategy.check(Config.java:305) ~[class/:?]
	... 13 more
2022-09-30 22:19:21,670 [ERROR] [main] com.mobi.log.GameLog 表格数据未通过检查, 列名:awards. limitState:ID_OR_NULL:DropsNormal, values:[126, 10001, 126, 126, 126, 126, 126, 126, 10100, 126, 126, 103, 126, 103, 126, 10011, 126, 126, 126, 126, 126, 126, 126, 126, 126, 126, 10011, 10013, 10014, 0, 10015, 0, 101001, 101002, 101003, 0, 10104, 10106, 0, 10105, 0, 10103, 10016, 10108, 10107, 10110, 10109, 10111, 10112, 10113, 10114, 10115, 10017, 10116, 10117, 10118, 10119, 10120, 10121, 10122, 10113, 10018, 10100, 10104, 10106, 10105, 10103, 10019, 100001, 0, 100002, 0, 100003, 10100, 10020, 10100, 10100, 10100, 126, 10100, 10100, 126, 126, 126, 126, 126, 126, 126, 126, 10100, 126, 0, 126, 10100, 126]
2022-09-30 22:19:21,694 [ERROR] [main] com.tools.parserconfig.ExcelParserLog 表格数据未通过检查
